<?xml version="1.0" encoding="UTF-8"?>
<testng-results skipped="0" failed="0" ignored="0" total="1" passed="1">
  <reporter-output>
  </reporter-output>
  <suite name="Suite" duration-ms="47363" started-at="2020-03-20T16:33:21 ADT" finished-at="2020-03-20T16:34:08 ADT">
    <groups>
      <group name="cucumber">
        <method signature="AbstractTestNGCucumberTests.runScenario(io.cucumber.testng.PickleWrapper, io.cucumber.testng.FeatureWrapper)[pri:0, instance:com.gap.automation.RunCuke_testngTest@83c47cc4]" name="runScenario" class="io.cucumber.testng.AbstractTestNGCucumberTests"/>
      </group> <!-- cucumber -->
    </groups>
    <test name="Test" duration-ms="47363" started-at="2020-03-20T16:33:21 ADT" finished-at="2020-03-20T16:34:08 ADT">
      <class name="com.gap.automation.RunCuke_testngTest">
        <test-method status="PASS" signature="setUpClass()[pri:0, instance:com.gap.automation.RunCuke_testngTest@83c47cc4]" name="setUpClass" is-config="true" duration-ms="976" started-at="2020-03-20T16:33:21 ADT" finished-at="2020-03-20T16:33:22 ADT">
          <reporter-output>
          </reporter-output>
        </test-method> <!-- setUpClass -->
        <test-method status="PASS" signature="runScenario(io.cucumber.testng.PickleWrapper, io.cucumber.testng.FeatureWrapper)[pri:0, instance:com.gap.automation.RunCuke_testngTest@83c47cc4]" name="runScenario" duration-ms="39313" started-at="2020-03-20T16:33:23 ADT" description="Runs Cucumber Scenarios" data-provider="scenarios" finished-at="2020-03-20T16:34:02 ADT">
          <params>
            <param index="0">
              <value>
                <![CDATA["Title of your scenario outline"]]>
              </value>
            </param>
            <param index="1">
              <value>
                <![CDATA["Perform the basic GAP operations"]]>
              </value>
            </param>
          </params>
          <reporter-output>
          </reporter-output>
        </test-method> <!-- runScenario -->
        <test-method status="PASS" signature="tearDownClass()[pri:0, instance:com.gap.automation.RunCuke_testngTest@83c47cc4]" name="tearDownClass" is-config="true" duration-ms="6092" started-at="2020-03-20T16:34:02 ADT" finished-at="2020-03-20T16:34:08 ADT">
          <reporter-output>
          </reporter-output>
        </test-method> <!-- tearDownClass -->
      </class> <!-- com.gap.automation.RunCuke_testngTest -->
    </test> <!-- Test -->
  </suite> <!-- Suite -->
</testng-results>
